app/build/outputs/mapping/release/configuration.txt
# The proguard configuration file for the following section is release/processReleaseResources/aapt_rules.txt
-keep class androidx.core.app.CoreComponentFactory { <init>(); }
-keep class androidx.core.content.FileProvider { <init>(); }
-keep class androidx.profileinstaller.ProfileInstallReceiver { <init>(); }
-keep class androidx.startup.InitializationProvider { <init>(); }
-keep class com.fileexplorer.app.MainActivity { <init>(); }
-keep class com.fileexplorer.app.SettingsActivity { <init>(); }
-keep class com.fileexplorer.app.StorageAnalyzerActivity { <init>(); }
-keep class io.github.mohammedbaqernull.logger.logwire.LogWireInitializer { <init>(); }
-keep class android.widget.Space { <init>(android.content.Context, android.util.AttributeSet); }

-keep class androidx.appcompat.app.AlertController$RecycleListView { <init>(android.content.Context, android.util.AttributeSet); }

-keep class androidx.appcompat.view.menu.ActionMenuItemView { <init>(android.content.Context, android.util.AttributeSet); }

-keep class androidx.appcompat.view.menu.ExpandedMenuView { <init>(android.content.Context, android.util.AttributeSet); }

-keep class androidx.appcompat.view.menu.ListMenuItemView { <init>(android.content.Context, android.util.AttributeSet); }

-keep class androidx.appcompat.widget.ActionBarContainer { <init>(android.content.Context, android.util.AttributeSet); }

-keep class androidx.appcompat.widget.ActionBarContextView { <init>(android.content.Context, android.util.AttributeSet); }

-keep class androidx.appcompat.widget.ActionBarOverlayLayout { <init>(android.content.Context, android.util.AttributeSet); }

-keep class androidx.appcompat.widget.ActionMenuView { <init>(android.content.Context, android.util.AttributeSet); }

-keep class androidx.appcompat.widget.ActivityChooserView$InnerLayout { <init>(android.content.Context, android.util.AttributeSet); }

-keep class androidx.appcompat.widget.AlertDialogLayout { <init>(android.content.Context, android.util.AttributeSet); }

-keep class androidx.appcompat.widget.ButtonBarLayout { <init>(android.content.Context, android.util.AttributeSet); }

-keep class androidx.appcompat.widget.ContentFrameLayout { <init>(android.content.Context, android.util.AttributeSet); }

-keep class androidx.appcompat.widget.DialogTitle { <init>(android.content.Context, android.util.AttributeSet); }

-keep class androidx.appcompat.widget.FitWindowsFrameLayout { <init>(android.content.Context, android.util.AttributeSet); }

-keep class androidx.appcompat.widget.FitWindowsLinearLayout { <init>(android.content.Context, android.util.AttributeSet); }

-keep class androidx.appcompat.widget.SearchView { <init>(android.content.Context); }

-keep class androidx.appcompat.widget.SearchView$SearchAutoComplete { <init>(android.content.Context, android.util.AttributeSet); }

-keep class androidx.appcompat.widget.Toolbar { <init>(android.content.Context, android.util.AttributeSet); }

-keep class androidx.appcompat.widget.ViewStubCompat { <init>(android.content.Context, android.util.AttributeSet); }

-keep class androidx.constraintlayout.helper.widget.Flow { <init>(android.content.Context, android.util.AttributeSet); }

-keep class androidx.constraintlayout.widget.ConstraintLayout { <init>(android.content.Context, android.util.AttributeSet); }

-keep class androidx.constraintlayout.widget.Guideline { <init>(android.content.Context, android.util.AttributeSet); }

-keep class androidx.coordinatorlayout.widget.CoordinatorLayout { <init>(android.content.Context, android.util.AttributeSet); }

-keep class androidx.core.view.insets.ProtectionLayout { <init>(android.content.Context, android.util.AttributeSet); }

-keep class androidx.core.widget.NestedScrollView { <init>(android.content.Context, android.util.AttributeSet); }

-keep class androidx.fragment.app.FragmentContainerView { <init>(android.content.Context, android.util.AttributeSet); }

-keep class androidx.media3.ui.AspectRatioFrameLayout { <init>(android.content.Context, android.util.AttributeSet); }

-keep class androidx.media3.ui.SubtitleView { <init>(android.content.Context, android.util.AttributeSet); }

-keep class androidx.media3.ui.TrackSelectionView { <init>(android.content.Context, android.util.AttributeSet); }

-keep class androidx.recyclerview.widget.RecyclerView { <init>(android.content.Context, android.util.AttributeSet); }

-keep class com.google.android.material.appbar.AppBarLayout { <init>(android.content.Context, android.util.AttributeSet); }

-keep class com.google.android.material.appbar.MaterialToolbar { <init>(android.content.Context, android.util.AttributeSet); }

-keep class com.google.android.material.button.MaterialButton { <init>(android.content.Context, android.util.AttributeSet); }

-keep class com.google.android.material.button.MaterialButtonToggleGroup { <init>(android.content.Context, android.util.AttributeSet); }

-keep class com.google.android.material.card.MaterialCardView { <init>(android.content.Context, android.util.AttributeSet); }

-keep class com.google.android.material.chip.Chip { <init>(android.content.Context, android.util.AttributeSet); }

-keep class com.google.android.material.datepicker.MaterialCalendarGridView { <init>(android.content.Context, android.util.AttributeSet); }

-keep class com.google.android.material.divider.MaterialDivider { <init>(android.content.Context, android.util.AttributeSet); }

-keep class com.google.android.material.floatingactionbutton.FloatingActionButton { <init>(android.content.Context, android.util.AttributeSet); }

-keep class com.google.android.material.focus.FocusRingDrawable { <init>(...); }

-keep class com.google.android.material.imageview.ShapeableImageView { <init>(android.content.Context, android.util.AttributeSet); }

-keep class com.google.android.material.internal.BaselineLayout { <init>(android.content.Context, android.util.AttributeSet); }

-keep class com.google.android.material.internal.CheckableImageButton { <init>(android.content.Context, android.util.AttributeSet); }

-keep class com.google.android.material.internal.ClippableRoundedCornerLayout { <init>(android.content.Context, android.util.AttributeSet); }

-keep class com.google.android.material.internal.NavigationMenuItemView { <init>(android.content.Context, android.util.AttributeSet); }

-keep class com.google.android.material.internal.NavigationMenuView { <init>(android.content.Context, android.util.AttributeSet); }

-keep class com.google.android.material.internal.TouchObserverFrameLayout { <init>(android.content.Context, android.util.AttributeSet); }

-keep class com.google.android.material.materialswitch.MaterialSwitch { <init>(android.content.Context, android.util.AttributeSet); }

-keep class com.google.android.material.progressindicator.LinearProgressIndicator { <init>(android.content.Context, android.util.AttributeSet); }

-keep class com.google.android.material.snackbar.Snackbar$SnackbarLayout { <init>(android.content.Context, android.util.AttributeSet); }

-keep class com.google.android.material.snackbar.SnackbarContentLayout { <init>(android.content.Context, android.util.AttributeSet); }

-keep class com.google.android.material.textfield.TextInputEditText { <init>(android.content.Context, android.util.AttributeSet); }

-keep class com.google.android.material.textfield.TextInputLayout { <init>(android.content.Context, android.util.AttributeSet); }

-keep class com.google.android.material.timepicker.ChipTextInputComboView { <init>(android.content.Context, android.util.AttributeSet); }

-keep class com.google.android.material.timepicker.ClockFaceView { <init>(android.content.Context, android.util.AttributeSet); }

-keep class com.google.android.material.timepicker.ClockHandView { <init>(android.content.Context, android.util.AttributeSet); }

-keep class com.google.android.material.timepicker.TimePickerView { <init>(android.content.Context, android.util.AttributeSet); }


# End of content from release/processReleaseResources/aapt_rules.txt
# The proguard configuration file for the following section is default_proguard_files/global/proguard-android-optimize.txt-8.13.0
# This is a configuration file for ProGuard.
# http://proguard.sourceforge.net/index.html#manual/usage.html
#
# Starting with version 2.2 of the Android plugin for Gradle, this file is distributed together with
# the plugin and unpacked at build-time. The files in $ANDROID_HOME are no longer maintained and
# will be ignored by new version of the Android plugin for Gradle.

# Optimizations: If you don't want to optimize, use the proguard-android.txt configuration file
# instead of this one, which turns off the optimization flags.
-allowaccessmodification

# Preserve some attributes that may be required for reflection.
-keepattributes AnnotationDefault,
                EnclosingMethod,
                InnerClasses,
                RuntimeVisibleAnnotations,
                RuntimeVisibleParameterAnnotations,
                RuntimeVisibleTypeAnnotations,
                Signature

-keep public class com.google.vending.licensing.ILicensingService
-keep public class com.android.vending.licensing.ILicensingService
-keep public class com.google.android.vending.licensing.ILicensingService
-dontnote com.android.vending.licensing.ILicensingService
-dontnote com.google.vending.licensing.ILicensingService
-dontnote com.google.android.vending.licensing.ILicensingService

# For native methods, see https://www.guardsquare.com/manual/configuration/examples#native
-keepclasseswithmembernames,includedescriptorclasses class * {
    native <methods>;
}

# Keep setters in Views so that animations can still work.
-keepclassmembers public class * extends android.view.View {
    void set*(***);
    *** get*();
}

# We want to keep methods in Activity that could be used in the XML attribute onClick.
-keepclassmembers class * extends android.app.Activity {
    public void *(android.view.View);
}

# For enumeration classes, see https://www.guardsquare.com/manual/configuration/examples#enumerations
-keepclassmembers enum * {
    public static **[] values();
    public static ** valueOf(java.lang.String);
}

-keepclassmembers class * implements android.os.Parcelable {
    public static final ** CREATOR;
}

# Preserve annotated Javascript interface methods.
-keepclassmembers class * {
    @android.webkit.JavascriptInterface <methods>;
}

# The support libraries contains references to newer platform versions.
# Don't warn about those in case this app is linking against an older
# platform version. We know about them, and they are safe.
-dontnote android.support.**
-dontnote androidx.**
-dontwarn android.support.**
-dontwarn androidx.**

# Understand the @Keep support annotation.
-keep class android.support.annotation.Keep

-keep @android.support.annotation.Keep class * {*;}

-keepclasseswithmembers class * {
    @android.support.annotation.Keep <methods>;
}

-keepclasseswithmembers class * {
    @android.support.annotation.Keep <fields>;
}

-keepclasseswithmembers class * {
    @android.support.annotation.Keep <init>(...);
}

# These classes are duplicated between android.jar and org.apache.http.legacy.jar.
-dontnote org.apache.http.**
-dontnote android.net.http.**

# These classes are duplicated between android.jar and core-lambda-stubs.jar.
-dontnote java.lang.invoke.**

# End of content from default_proguard_files/global/proguard-android-optimize.txt-8.13.0
# The proguard configuration file for the following section is FileExplorer/app/proguard-rules.pro
# --- AndroidX & General Optimization ---
-optimizations !code/simplification/arithmetic,!code/simplification/cast,!field/*,!class/merging/*
-keepattributes *Annotation*,Signature,EnclosingMethod,InnerClasses

# --- Glide (Image Loading) ---
-keep public class * implements com.bumptech.glide.module.GlideModule
-keep public class * extends com.bumptech.glide.AppGlideModule
-keep public class com.bumptech.glide.GeneratedAppGlideModule { *; }
-keep public enum com.bumptech.glide.load.ImageHeaderParser$** { *; }
-dontwarn com.bumptech.glide.load.resource.bitmap.VideoDecoder

# --- Apache Commons Compress (ZIP / RAR / Tar) ---
-dontwarn org.apache.commons.compress.**
-keep class org.apache.commons.compress.** { *; }
-keepclassmembers class * extends org.apache.commons.compress.archivers.ArchiveOutputStream { *; }
-keepclassmembers class * extends org.apache.commons.compress.archivers.ArchiveInputStream { *; }

# --- Media3 ExoPlayer ---
-dontwarn androidx.media3.exoplayer.**
-keep class androidx.media3.exoplayer.** { *; }

# --- RecyclerView Animators ---
-dontwarn jp.wasabeef.recyclerview.animators.**
-keep class jp.wasabeef.recyclerview.animators.** { *; }

# --- Keep Model / Data Classes (Jika menggunakan Gson/Serialization/Parcelable) ---
# Tambahkan baris ini jika model data kamu dibungkus Parcelable atau Gson
#-keep class com.fileexplorer.app.model.** { *; }

# End of content from FileExplorer/app/proguard-rules.pro
# The proguard configuration file for the following section is transformed/material-1.14.0/proguard.txt
# Copyright (C) 2015 The Android Open Source Project
#
# Licensed under the Apache License, Version 2.0 (the "License");
# you may not use this file except in compliance with the License.
# You may obtain a copy of the License at
#
#      http://www.apache.org/licenses/LICENSE-2.0
#
# Unless required by applicable law or agreed to in writing, software
# distributed under the License is distributed on an "AS IS" BASIS,
# WITHOUT WARRANTIES OR CONDITIONS OF ANY KIND, either express or implied.
# See the License for the specific language governing permissions and
# limitations under the License.

# CoordinatorLayout resolves the behaviors of its child components with reflection.
-keep public class * extends androidx.coordinatorlayout.widget.CoordinatorLayout$Behavior {
    public <init>(android.content.Context, android.util.AttributeSet);
    public <init>();
}

# Make sure we keep annotations for CoordinatorLayout's DefaultBehavior
-keepattributes RuntimeVisible*Annotation*

# Copyright (C) 2018 The Android Open Source Project
#
# Licensed under the Apache License, Version 2.0 (the "License");
# you may not use this file except in compliance with the License.
# You may obtain a copy of the License at
#
#      http://www.apache.org/licenses/LICENSE-2.0
#
# Unless required by applicable law or agreed to in writing, software
# distributed under the License is distributed on an "AS IS" BASIS,
# WITHOUT WARRANTIES OR CONDITIONS OF ANY KIND, either express or implied.
# See the License for the specific language governing permissions and
# limitations under the License.

# AppCompatViewInflater reads the viewInflaterClass theme attribute which then
# reflectively instantiates MaterialComponentsViewInflater using the no-argument
# constructor. We only need to keep this constructor and the class name if
# AppCompatViewInflater is also being kept.
-if class androidx.appcompat.app.AppCompatViewInflater
-keep class com.google.android.material.theme.MaterialComponentsViewInflater {
    <init>();
}

-keep class com.google.android.material.focus.FocusRingDrawable {
    <init>();
}

# End of content from transformed/material-1.14.0/proguard.txt
# The proguard configuration file for the following section is transformed/glide-5.0.5/proguard.txt
-keep public class * implements com.bumptech.glide.module.GlideModule
-keep class * extends com.bumptech.glide.module.AppGlideModule {
 <init>(...);
}
-keep public enum com.bumptech.glide.load.ImageHeaderParser$** {
  **[] $VALUES;
  public *;
}
-keep class com.bumptech.glide.load.data.ParcelFileDescriptorRewinder$InternalRewinder {
  *** rewind();
}

# Uncomment for DexGuard only
#-keepresourcexmlelements manifest/application/meta-data@value=GlideModule

# End of content from transformed/glide-5.0.5/proguard.txt
# The proguard configuration file for the following section is transformed/media3-ui-1.10.1/proguard.txt
# Proguard rules specific to the UI module.

# Constructor method and classes accessed via reflection in PlayerView
-dontnote androidx.media3.exoplayer.video.spherical.SphericalGLSurfaceView
-keepclassmembers class androidx.media3.exoplayer.video.spherical.SphericalGLSurfaceView {
  <init>(android.content.Context);
}
-dontnote androidx.media3.exoplayer.video.VideoDecoderGLSurfaceView
-keepclassmembers class androidx.media3.exoplayer.video.VideoDecoderGLSurfaceView {
  <init>(android.content.Context);
}
-keepnames class androidx.media3.exoplayer.ExoPlayer {}
-keepclassmembers class androidx.media3.exoplayer.ExoPlayer {
  void setImageOutput(androidx.media3.exoplayer.image.ImageOutput);
  void setScrubbingModeEnabled(boolean);
  boolean isScrubbingModeEnabled();
}
-keepclasseswithmembers class androidx.media3.exoplayer.image.ImageOutput {
  void onImageAvailable(long, android.graphics.Bitmap);
}

-keepnames class androidx.media3.transformer.CompositionPlayer {}
-keepclassmembers class androidx.media3.transformer.CompositionPlayer {
  void setScrubbingModeEnabled(boolean);
  boolean isScrubbingModeEnabled();
}

# Constructor method accessed via reflection in TrackSelectionDialogBuilder
-dontnote androidx.appcompat.app.AlertDialog.Builder
-keepclassmembers class androidx.appcompat.app.AlertDialog$Builder {
  <init>(android.content.Context, int);
  public android.content.Context getContext();
  public androidx.appcompat.app.AlertDialog$Builder setTitle(java.lang.CharSequence);
  public androidx.appcompat.app.AlertDialog$Builder setView(android.view.View);
  public androidx.appcompat.app.AlertDialog$Builder setPositiveButton(int, android.content.DialogInterface$OnClickListener);
  public androidx.appcompat.app.AlertDialog$Builder setNegativeButton(int, android.content.DialogInterface$OnClickListener);
  public androidx.appcompat.app.AlertDialog create();
}
# Equivalent methods needed when the library is de-jetified.
-dontnote android.support.v7.app.AlertDialog.Builder
-keepclassmembers class android.support.v7.app.AlertDialog$Builder {
  <init>(android.content.Context, int);
  public android.content.Context getContext();
  public android.support.v7.app.AlertDialog$Builder setTitle(java.lang.CharSequence);
  public android.support.v7.app.AlertDialog$Builder setView(android.view.View);
  public android.support.v7.app.AlertDialog$Builder setPositiveButton(int, android.content.DialogInterface$OnClickListener);
  public android.support.v7.app.AlertDialog$Builder setNegativeButton(int, android.content.DialogInterface$OnClickListener);
  public android.support.v7.app.AlertDialog create();
}

# Don't warn about checkerframework and Kotlin annotations
-dontwarn org.checkerframework.**
-dontwarn kotlin.annotations.jvm.**
-dontwarn javax.annotation.**

# End of content from transformed/media3-ui-1.10.1/proguard.txt
# The proguard configuration file for the following section is transformed/media3-extractor-1.10.1/proguard.txt
# Proguard rules specific to the extractor module.

# Methods accessed via reflection in DefaultExtractorsFactory
-dontnote androidx.media3.decoder.flac.FlacExtractor
-keepclassmembers class androidx.media3.decoder.flac.FlacExtractor {
  <init>(int);
}
-dontnote androidx.media3.decoder.flac.FlacLibrary
-keepclassmembers class androidx.media3.decoder.flac.FlacLibrary {
  public static boolean isAvailable();
}
-dontnote androidx.media3.decoder.midi.MidiExtractor
-keepclassmembers class androidx.media3.decoder.midi.MidiExtractor {
  <init>();
}

# Don't warn about checkerframework and Kotlin annotations
-dontwarn org.checkerframework.**
-dontwarn kotlin.annotations.jvm.**
-dontwarn javax.annotation.**

# End of content from transformed/media3-extractor-1.10.1/proguard.txt
# The proguard configuration file for the following section is transformed/media3-datasource-1.10.1/proguard.txt
# Proguard rules specific to the DataSource module.