app/build/outputs/mapping/release/seeds.txt
com.fileexplorer.app.SettingsActivity
com.fileexplorer.app.MainActivity
com.fileexplorer.app.StorageAnalyzerActivity
com.fileexplorer.app.SettingsActivity: SettingsActivity()
com.fileexplorer.app.StorageAnalyzerActivity: StorageAnalyzerActivity()
com.fileexplorer.app.MainActivity: MainActivity()
...
androidx.media3.exoplayer.ScrubbingModeParameters$Builder: androidx.media3.exoplayer.ScrubbingModeParameters$Builder setShouldIncreaseCodecOperatingRate(boolean)
org.apache.commons.compress.archivers.zip.ZipArchiveInputStream: org.apache.commons.compress.archivers.zip.ZipArchiveEntry getNextEntry()
androidx.media3.exoplayer.mediacodec.MediaCodecRenderer: void onOutputStreamOffsetUsChanged(long)
androidx.media3.exoplayer.offline.SegmentDownloader$ProgressNotifier: float getPercentDownloaded()
androidx.media3.exoplayer.ExoPlayer: boolean isCommandAvailable(int)
androidx.media3.exoplayer.Renderer: void enable(androidx.media3.exoplayer.RendererConfiguration,androidx.media3.common.Format[],androidx.media3.exoplayer.source.SampleStream,long,boolean,boolean,long,long,androidx.media3.exoplayer.source.MediaSource$MediaPeriodId)
androidx.media3.exoplayer.video.VideoDecoderGLSurfaceView$Renderer: void onSurfaceChanged(javax.microedition.khronos.opengles.GL10,int,int)
org.apache.commons.compress.harmony.pack200.ClassBands: org.apache.commons.compress.harmony.pack200.CPClass lambda$addClass$0(java.lang.String[],int)
androidx.media3.exoplayer.upstream.experimental.SlidingPercentileBandwidthStatistic$Sample: double access$000(androidx.media3.exoplayer.upstream.experimental.SlidingPercentileBandwidthStatistic$Sample)
org.apache.commons.compress.compressors.gzip.GzipCompressorInputStream: GzipCompressorInputStream(java.io.InputStream)
androidx.media3.exoplayer.ExoPlayerImplInternal: void setImageMetadataListenerInternal(androidx.media3.exoplayer.image.ImageMetadataListener)
androidx.media3.exoplayer.source.preload.BasePreloadManager: boolean remove(androidx.media3.exoplayer.source.MediaSource)
org.apache.commons.compress.archivers.zip.X7875_NewUnix: byte[] getCentralDirectoryData()
com.google.android.material.textfield.TextInputLayout: void setPlaceholderTextAppearance(int)
org.apache.commons.compress.utils.BitInputStream: long readBits(int)
org.apache.commons.compress.harmony.unpack200.bytecode.forms.SuperFieldRefForm: SuperFieldRefForm(int,java.lang.String,int[])
org.apache.commons.compress.archivers.zip.X7875_NewUnix: org.apache.commons.compress.archivers.zip.ZipShort getHeaderId()
org.apache.commons.compress.archivers.dump.DumpArchiveEntry$PERMISSION: org.apache.commons.compress.archivers.dump.DumpArchiveEntry$PERMISSION[] values()
org.apache.commons.compress.archivers.zip.ZipFile: java.util.LinkedList lambda$fillNameMap$1(java.lang.String)
androidx.media3.exoplayer.source.SingleSampleMediaPeriod: long selectTracks(androidx.media3.exoplayer.trackselection.ExoTrackSelection[],boolean[],androidx.media3.exoplayer.source.SampleStream[],boolean[],long)
com.google.android.material.card.MaterialCardView: void setRippleColor(android.content.res.ColorStateList)
androidx.media3.exoplayer.upstream.CmcdData$CmcdObject$Builder: int access$300(androidx.media3.exoplayer.upstream.CmcdData$CmcdObject$Builder)
androidx.media3.exoplayer.ExoPlayerImpl$ComponentListener: java.lang.Integer lambda$onAudioSessionIdChanged$2(int,java.lang.Integer)
androidx.media3.exoplayer.ExoPlayerImpl: androidx.media3.common.Format getAudioFormat()
androidx.core.view.WindowInsetsCompat$Impl: androidx.core.graphics.Insets getInsets(int)
org.apache.commons.compress.compressors.CompressorStreamFactory: java.util.SortedMap lambda$findAvailableCompressorOutputStreamProviders$3()
org.apache.commons.compress.harmony.unpack200.IcTuple: void initializeClassStrings()
org.apache.commons.compress.harmony.unpack200.SegmentHeader: void parseClassCounts(java.io.InputStream)
org.apache.commons.compress.archivers.ArchiveInputStream: int read()
androidx.media3.exoplayer.mediacodec.MediaCodecRenderer: long getLargestQueuedPresentationTimeUs()
jp.wasabeef.recyclerview.animators.ScaleInBottomAnimator: void animateAddImpl(androidx.recyclerview.widget.RecyclerView$ViewHolder)
org.apache.commons.compress.harmony.unpack200.bytecode.NewAttribute: void renumber(java.util.List)