app/build/outputs/mapping/release/usage.txt
com.fileexplorer.app.BreadcrumbHelper:
    public void <init>()
com.fileexplorer.app.CategoryHelper$1
com.fileexplorer.app.CategoryHelper$2
com.fileexplorer.app.CategoryHelper:
    public void <init>()
    public static void animateVisibility(android.view.View,boolean)
    public static com.fileexplorer.app.CategoryAdapter getAdapter()
    public static java.lang.String getCurrentCategory()
    private static synthetic void lambda$animateVisibility$1(android.view.ViewGroup$LayoutParams,android.view.View,android.animation.ValueAnimator)
    private static synthetic void lambda$animateVisibility$2(android.view.ViewGroup$LayoutParams,android.view.View,android.animation.ValueAnimator)
    public static void setAdapter(com.fileexplorer.app.CategoryAdapter)
    public static void toggleCategory(android.view.View,boolean,java.lang.Runnable)
com.fileexplorer.app.DialogHelper:
    public void <init>()
    private static int countTotalItems(java.lang.String)
com.fileexplorer.app.DialogUtils:
    public void <init>()
com.fileexplorer.app.FileAdapter:
    private static final int TYPE_FOOTER
    private static final int TYPE_GRID3_ITEM
    private static final int TYPE_GRID_ITEM
    private static final int TYPE_LIST_ITEM
    public java.io.File getFirstSelectedFile()
    public boolean isFooterPosition(int)
com.fileexplorer.app.FileListAdapter:
    public int getTotalItems()
com.fileexplorer.app.FolderMoveAdapter:
    public java.io.File getSelectedFolder()
    public void resetParent()
com.fileexplorer.app.MainActivity:
    private static final int MAX_CACHE_SIZE
    private static final int REQUEST_SETTINGS
    private static final int STORAGE_PERMISSION_CODE
    private java.lang.Runnable searchRunnable
    public java.io.File getCurrentDirectory()
    private void updateCategoryUI(java.lang.String)
    public void updateCategoryVisibility(boolean)
com.fileexplorer.app.MoreMenuHelper:
    public void <init>()
com.fileexplorer.app.OpenFileHelper:
    public void <init>()
com.fileexplorer.app.PermissionHelper:
    public static final int STORAGE_PERMISSION_CODE
    public void <init>()
com.fileexplorer.app.R$anim
com.fileexplorer.app.R$array:
    private void <init>()
com.fileexplorer.app.R$drawable:
    public static int bg_bottom_container
    public static int bg_icon_container
    public static int bg_round
    public static int ic_categories
    public static int ic_close
    public static int ic_copy
    public static int ic_delete
    public static int ic_edit
    public static int ic_folder_plus
    public static int ic_forward_10
    public static int ic_grid
    public static int ic_grid2
    public static int ic_grid3
    public static int ic_info
    public static int ic_launcher_background
    public static int ic_launcher_foreground
    public static int ic_menu
    public static int ic_more_vert
    public static int ic_move
    public static int ic_replay_10
    public static int ic_search
    public static int ic_settings
    public static int ic_share
    public static int ic_storage
    public static int ic_style
    private void <init>()
com.fileexplorer.app.R$id:
    public static int layoutCategory
    public static int text1
    private void <init>()
com.fileexplorer.app.R$layout:
    public static int item_storage_category
    private void <init>()
com.fileexplorer.app.R$menu:
    private void <init>()
com.fileexplorer.app.R$mipmap
...
com.google.common.util.concurrent.AbstractTransformFuture$AsyncTransformFuture
com.google.common.util.concurrent.AbstractTransformFuture$TransformFuture
com.google.common.util.concurrent.AbstractTransformFuture
com.google.common.util.concurrent.AsyncCallable
com.google.common.util.concurrent.AsyncFunction
com.google.common.util.concurrent.AtomicDouble
com.google.common.util.concurrent.AtomicDoubleArray
com.google.common.util.concurrent.AtomicLongMap$1
com.google.common.util.concurrent.AtomicLongMap
com.google.common.util.concurrent.Atomics
com.google.common.util.concurrent.Callables
com.google.common.util.concurrent.ClosingFuture$10
com.google.common.util.concurrent.ClosingFuture$1
com.google.common.util.concurrent.ClosingFuture$2
com.google.common.util.concurrent.ClosingFuture$3
com.google.common.util.concurrent.ClosingFuture$4
com.google.common.util.concurrent.ClosingFuture$5
com.google.common.util.concurrent.ClosingFuture$6
com.google.common.util.concurrent.ClosingFuture$7
com.google.common.util.concurrent.ClosingFuture$8
com.google.common.util.concurrent.ClosingFuture$9
com.google.common.util.concurrent.ClosingFuture$AsyncClosingCallable
com.google.common.util.concurrent.ClosingFuture$AsyncClosingFunction
com.google.common.util.concurrent.ClosingFuture$CloseableList
com.google.common.util.concurrent.ClosingFuture$ClosingCallable
com.google.common.util.concurrent.ClosingFuture$ClosingFunction
com.google.common.util.concurrent.ClosingFuture$Combiner$1
com.google.common.util.concurrent.ClosingFuture$Combiner$2
com.google.common.util.concurrent.ClosingFuture$Combiner$AsyncCombiningCallable
com.google.common.util.concurrent.ClosingFuture$Combiner$CombiningCallable
com.google.common.util.concurrent.ClosingFuture$Combiner2$1
com.google.common.util.concurrent.ClosingFuture$Combiner2$2
com.google.common.util.concurrent.ClosingFuture$Combiner2$AsyncClosingFunction2
com.google.common.util.concurrent.ClosingFuture$Combiner2$ClosingFunction2
com.google.common.util.concurrent.ClosingFuture$Combiner2
com.google.common.util.concurrent.ClosingFuture$Combiner3$1
com.google.common.util.concurrent.ClosingFuture$Combiner3$2
com.google.common.util.concurrent.ClosingFuture$Combiner3$AsyncClosingFunction3
com.google.common.util.concurrent.ClosingFuture$Combiner3$ClosingFunction3
com.google.common.util.concurrent.ClosingFuture$Combiner3
com.google.common.util.concurrent.ClosingFuture$Combiner4$1
com.google.common.util.concurrent.ClosingFuture$Combiner4$2
com.google.common.util.concurrent.ClosingFuture$Combiner4$AsyncClosingFunction4
com.google.common.util.concurrent.ClosingFuture$Combiner4$ClosingFunction4
com.google.common.util.concurrent.ClosingFuture$Combiner4
com.google.common.util.concurrent.ClosingFuture$Combiner5$1
com.google.common.util.concurrent.ClosingFuture$Combiner5$2
com.google.common.util.concurrent.ClosingFuture$Combiner5$AsyncClosingFunction5
com.google.common.util.concurrent.ClosingFuture$Combiner5$ClosingFunction5
com.google.common.util.concurrent.ClosingFuture$Combiner5
com.google.common.util.concurrent.ClosingFuture$Combiner
com.google.common.util.concurrent.ClosingFuture$DeferredCloser
com.google.common.util.concurrent.ClosingFuture$Peeker
com.google.common.util.concurrent.ClosingFuture$State
com.google.common.util.concurrent.ClosingFuture$ValueAndCloser
com.google.common.util.concurrent.ClosingFuture$ValueAndCloserConsumer
com.google.common.util.concurrent.ClosingFuture
com.google.common.util.concurrent.CollectionFuture$ListFuture
com.google.common.util.concurrent.CollectionFuture$Present
com.google.common.util.concurrent.CollectionFuture
com.google.common.util.concurrent.CombinedFuture$AsyncCallableInterruptibleTask
com.google.common.util.concurrent.CombinedFuture:
    void <init>(com.google.common.collect.ImmutableCollection,boolean,java.util.concurrent.Executor,com.google.common.util.concurrent.AsyncCallable)
com.google.common.util.concurrent.CycleDetectingLockFactory$1